{"/home/tais/Documentos/Driven/Projetos/projeto23-drivenpass/test/factories/user.factory.ts": {"path":"/home/tais/Documentos/Driven/Projetos/projeto23-drivenpass/test/factories/user.factory.ts","statementMap":{"0":{"start":{"line":2,"column":0},"end":{"line":2,"column":40}},"1":{"start":{"line":3,"column":0},"end":{"line":3,"column":33}},"2":{"start":{"line":7,"column":4},"end":{"line":12,"column":7}},"3":{"start":{"line":5,"column":0},"end":{"line":5,"column":13}}},"fnMap":{"0":{"name":"(anonymous_0)","decl":{"start":{"line":6,"column":2},"end":{"line":6,"column":8}},"loc":{"start":{"line":6,"column":77},"end":{"line":13,"column":3}}}},"branchMap":{"0":{"loc":{"start":{"line":9,"column":15},"end":{"line":9,"column":53}},"type":"cond-expr","locations":[{"start":{"line":9,"column":23},"end":{"line":9,"column":28}},{"start":{"line":9,"column":31},"end":{"line":9,"column":53}}]},"1":{"loc":{"start":{"line":10,"column":18},"end":{"line":10,"column":77}},"type":"cond-expr","locations":[{"start":{"line":10,"column":29},"end":{"line":10,"column":37}},{"start":{"line":10,"column":40},"end":{"line":10,"column":77}}]}},"s":{"0":1,"1":1,"2":4,"3":1},"f":{"0":4},"b":{"0":[0,4],"1":[0,4]}}
,"/home/tais/Documentos/Driven/Projetos/projeto23-drivenpass/test/utils/e2e-utils.ts": {"path":"/home/tais/Documentos/Driven/Projetos/projeto23-drivenpass/test/utils/e2e-utils.ts","statementMap":{"0":{"start":{"line":5,"column":4},"end":{"line":5,"column":35}},"1":{"start":{"line":6,"column":4},"end":{"line":6,"column":41}},"2":{"start":{"line":7,"column":4},"end":{"line":7,"column":35}},"3":{"start":{"line":8,"column":4},"end":{"line":8,"column":38}},"4":{"start":{"line":9,"column":4},"end":{"line":9,"column":35}},"5":{"start":{"line":3,"column":0},"end":{"line":3,"column":13}}},"fnMap":{"0":{"name":"(anonymous_0)","decl":{"start":{"line":4,"column":2},"end":{"line":4,"column":8}},"loc":{"start":{"line":4,"column":44},"end":{"line":10,"column":3}}}},"branchMap":{},"s":{"0":6,"1":6,"2":6,"3":6,"4":6,"5":1},"f":{"0":6},"b":{}}
}
